[12-Mar-2023 16:29:51 UTC] PHP Warning:  Attempt to read property "queue" on null in /Users/shin/Local Sites/test310/app/public/wp-includes/script-loader.php on line 2841
[12-Mar-2023 16:29:51 UTC] PHP Warning:  foreach() argument must be of type array|object, null given in /Users/shin/Local Sites/test310/app/public/wp-includes/script-loader.php on line 2841
[15-Mar-2023 07:25:20 UTC] フックの cron 再予約イベントエラー: wp_privacy_delete_old_export_files、エラーコード: could_not_set、エラーメッセージ: Cron イベントのリストを保存できません。、データ: {"schedule":"hourly","args":[],"interval":3600}
[19-Mar-2023 12:13:18 UTC] PHP Warning:  Undefined variable $args in /Users/shin/Local Sites/test310/app/public/wp-content/themes/orico/front-page.php on line 582
[19-Mar-2023 12:13:18 UTC] PHP Warning:  Undefined variable $args in /Users/shin/Local Sites/test310/app/public/wp-content/themes/orico/front-page.php on line 632
[19-Mar-2023 12:37:30 UTC] PHP Warning:  Undefined variable $cat_name in /Users/shin/Local Sites/test310/app/public/wp-content/themes/orico/front-page.php on line 796
[19-Mar-2023 12:37:34 UTC] PHP Warning:  Undefined variable $cat_name in /Users/shin/Local Sites/test310/app/public/wp-content/themes/orico/front-page.php on line 796
[19-Mar-2023 12:37:38 UTC] PHP Warning:  Undefined variable $cat_name in /Users/shin/Local Sites/test310/app/public/wp-content/themes/orico/front-page.php on line 796
[19-Mar-2023 12:37:43 UTC] PHP Warning:  Undefined variable $cat_name in /Users/shin/Local Sites/test310/app/public/wp-content/themes/orico/front-page.php on line 796
[19-Mar-2023 12:38:11 UTC] PHP Warning:  Undefined variable $cat_name in /Users/shin/Local Sites/test310/app/public/wp-content/themes/orico/front-page.php on line 796
[19-Mar-2023 12:40:22 UTC] PHP Warning:  Undefined variable $cat_name in /Users/shin/Local Sites/test310/app/public/wp-content/themes/orico/front-page.php on line 772
[19-Mar-2023 12:40:22 UTC] PHP Warning:  Undefined variable $cat_name in /Users/shin/Local Sites/test310/app/public/wp-content/themes/orico/front-page.php on line 796
[19-Mar-2023 12:43:45 UTC] PHP Warning:  Undefined variable $cat_name in /Users/shin/Local Sites/test310/app/public/wp-content/themes/orico/front-page.php on line 801
[19-Mar-2023 12:45:02 UTC] PHP Warning:  Undefined variable $cat_name in /Users/shin/Local Sites/test310/app/public/wp-content/themes/orico/front-page.php on line 801
[19-Mar-2023 15:45:04 UTC] PHP Warning:  Undefined array key 0 in /Users/shin/Local Sites/test310/app/public/wp-content/themes/orico/front-page.php on line 627
[19-Mar-2023 15:45:33 UTC] PHP Warning:  Undefined array key 0 in /Users/shin/Local Sites/test310/app/public/wp-content/themes/orico/front-page.php on line 627
[19-Mar-2023 15:45:33 UTC] PHP Warning:  Attempt to read property "cat_name" on null in /Users/shin/Local Sites/test310/app/public/wp-content/themes/orico/front-page.php on line 627
[19-Mar-2023 15:45:49 UTC] PHP Warning:  Undefined array key 0 in /Users/shin/Local Sites/test310/app/public/wp-content/themes/orico/front-page.php on line 627
[19-Mar-2023 15:45:49 UTC] PHP Warning:  Attempt to read property "cat_name" on null in /Users/shin/Local Sites/test310/app/public/wp-content/themes/orico/front-page.php on line 627
[19-Mar-2023 15:45:50 UTC] PHP Warning:  Undefined array key 0 in /Users/shin/Local Sites/test310/app/public/wp-content/themes/orico/front-page.php on line 627
[19-Mar-2023 15:45:50 UTC] PHP Warning:  Attempt to read property "cat_name" on null in /Users/shin/Local Sites/test310/app/public/wp-content/themes/orico/front-page.php on line 627
[19-Mar-2023 15:48:38 UTC] PHP Warning:  Undefined array key 0 in /Users/shin/Local Sites/test310/app/public/wp-content/themes/orico/front-page.php on line 617
[19-Mar-2023 15:48:38 UTC] PHP Warning:  Attempt to read property "cat_name" on null in /Users/shin/Local Sites/test310/app/public/wp-content/themes/orico/front-page.php on line 617
[19-Mar-2023 15:49:21 UTC] PHP Warning:  Undefined array key 0 in /Users/shin/Local Sites/test310/app/public/wp-content/themes/orico/front-page.php on line 627
[19-Mar-2023 15:49:21 UTC] PHP Warning:  Attempt to read property "cat_name" on null in /Users/shin/Local Sites/test310/app/public/wp-content/themes/orico/front-page.php on line 627
