[10-Mar-2023 20:16:05] NOTICE: fpm is running, pid 20114
[10-Mar-2023 20:16:05] NOTICE: ready to handle connections
[18-Mar-2023 16:36:39] NOTICE: fpm is running, pid 1147
[18-Mar-2023 16:36:39] NOTICE: ready to handle connections
[23-Mar-2023 11:26:25] NOTICE: Terminating ...
[23-Mar-2023 11:26:25] NOTICE: Terminating ...
[23-Mar-2023 11:26:25] NOTICE: exiting, bye-bye!
[23-Mar-2023 21:05:54] NOTICE: fpm is running, pid 46011
[23-Mar-2023 21:05:54] NOTICE: ready to handle connections
[23-Mar-2023 22:23:12] NOTICE: Terminating ...
[23-Mar-2023 22:23:12] NOTICE: Terminating ...
[23-Mar-2023 22:23:12] NOTICE: exiting, bye-bye!
[26-Mar-2023 02:39:13] NOTICE: fpm is running, pid 67691
[26-Mar-2023 02:39:13] NOTICE: ready to handle connections
[26-Mar-2023 19:03:57] NOTICE: Terminating ...
[26-Mar-2023 19:03:57] NOTICE: Terminating ...
[26-Mar-2023 19:03:57] NOTICE: exiting, bye-bye!
[28-Mar-2023 19:49:36] NOTICE: fpm is running, pid 80254
[28-Mar-2023 19:49:36] NOTICE: ready to handle connections
[29-Mar-2023 00:13:05] NOTICE: Terminating ...
[29-Mar-2023 00:13:05] NOTICE: Terminating ...
[29-Mar-2023 00:13:05] NOTICE: exiting, bye-bye!
[03-Apr-2023 11:18:36] NOTICE: fpm is running, pid 27265
[03-Apr-2023 11:18:36] NOTICE: ready to handle connections
